<?xml version="1.0" encoding="UTF-8"?>
<!-- Generated by org.testng.reporters.JUnitReportReporter -->
<testsuite skipped="0" hostname="ST-RA-WIN10-VM" name="tests.ExtentReport" tests="1" failures="0" timestamp="19 Jan 2022 11:38:31 GMT" time="1.990" errors="0">
  <testcase name="ExtentReport" time="1.990" classname="tests.ExtentReport"/>
</testsuite> <!-- tests.ExtentReport -->
