<?xml version="1.0" encoding="UTF-8"?>
<!-- Generated by org.testng.reporters.JUnitReportReporter -->
<testsuite skipped="3" hostname="ST-RA-WIN10-VM" name="tests.SecondPhase" tests="4" failures="1" timestamp="25 Jan 2022 15:32:25 GMT" time="348.266" errors="0">
  <testcase name="login" time="348.266" classname="tests.SecondPhase">
    <failure type="java.lang.AssertionError" message="Device appliance table did not contain: Test_TX_Emerald_ZeroU	, actual text: Device Name Zone Configuration IP Address Model State Status Video Quality Video Source Opt EDID Settings DVI 1 Cloned Receiver EDID Setttings DVI 2 Cloned Receiver Options expected [true] but found [false]">
      <![CDATA[java.lang.AssertionError: Device appliance table did not contain: Test_TX_Emerald_ZeroU	, actual text: Device Name Zone Configuration IP Address Model State Status Video Quality Video Source Opt EDID Settings DVI 1 Cloned Receiver EDID Setttings DVI 2 Cloned Receiver Options expected [true] but found [false]
	at org.testng.Assert.fail(Assert.java:93)
	at org.testng.Assert.failNotEquals(Assert.java:512)
	at org.testng.Assert.assertTrue(Assert.java:41)
	at methods.DiscoveryMethods.manageDevice(DiscoveryMethods.java:716)
	at methods.DiscoveryMethods.addDeviceToBoxilla(DiscoveryMethods.java:652)
	at tests.TestBase.Managedevices(TestBase.java:358)
	at tests.TestBase.login(TestBase.java:133)
	at sun.reflect.NativeMethodAccessorImpl.invoke0(Native Method)
	at sun.reflect.NativeMethodAccessorImpl.invoke(Unknown Source)
	at sun.reflect.DelegatingMethodAccessorImpl.invoke(Unknown Source)
	at java.lang.reflect.Method.invoke(Unknown Source)
	at org.testng.internal.MethodInvocationHelper.invokeMethod(MethodInvocationHelper.java:108)
	at org.testng.internal.Invoker.invokeConfigurationMethod(Invoker.java:523)
	at org.testng.internal.Invoker.invokeConfigurations(Invoker.java:224)
	at org.testng.internal.Invoker.invokeConfigurations(Invoker.java:146)
	at org.testng.SuiteRunner.privateRun(SuiteRunner.java:326)
	at org.testng.SuiteRunner.run(SuiteRunner.java:289)
	at org.testng.SuiteRunnerWorker.runSuite(SuiteRunnerWorker.java:52)
	at org.testng.SuiteRunnerWorker.run(SuiteRunnerWorker.java:86)
	at org.testng.TestNG.runSuitesSequentially(TestNG.java:1301)
	at org.testng.TestNG.runSuitesLocally(TestNG.java:1226)
	at org.testng.TestNG.runSuites(TestNG.java:1144)
	at org.testng.TestNG.run(TestNG.java:1115)
	at org.testng.remote.AbstractRemoteTestNG.run(AbstractRemoteTestNG.java:132)
	at org.testng.remote.RemoteTestNG.initAndRun(RemoteTestNG.java:230)
	at org.testng.remote.RemoteTestNG.main(RemoteTestNG.java:76)
]]>
    </failure>
  </testcase> <!-- login -->
  <testcase name="Test15_SR0003" time="0.000" classname="tests.SecondPhase">
    <skipped/>
  </testcase> <!-- Test15_SR0003 -->
  <testcase name="Test16_AI0052" time="0.000" classname="tests.SecondPhase">
    <skipped/>
  </testcase> <!-- Test16_AI0052 -->
  <testcase name="Test17_DC0005" time="0.000" classname="tests.SecondPhase">
    <skipped/>
  </testcase> <!-- Test17_DC0005 -->
</testsuite> <!-- tests.SecondPhase -->
