<?xml version="1.0" encoding="UTF-8"?>
<!-- Generated by org.testng.reporters.JUnitReportReporter -->
<testsuite skipped="0" hostname="ST-RA-WIN10-VM" name="tests.SecondPhase" tests="1" failures="0" timestamp="24 Mar 2022 17:35:14 GMT" time="2.168" errors="0">
  <testcase name="Test05_RA_boxilla_Performance" time="2.168" classname="tests.SecondPhase"/>
</testsuite> <!-- tests.SecondPhase -->
