<?xml version="1.0" encoding="UTF-8"?>
<testsuite xmlns:xsi="http://www.w3.org/2001/XMLSchema-instance" xsi:noNamespaceSchemaLocation="https://maven.apache.org/surefire/maven-surefire-plugin/xsd/surefire-test-report-3.0.xsd" version="3.0" name="TestSuite" time="2.599" tests="6" errors="0" skipped="3" failures="3">
  <properties>
    <property name="java.specification.version" value="17"/>
    <property name="sun.cpu.isalist" value="amd64"/>
    <property name="sun.jnu.encoding" value="Cp1252"/>
    <property name="java.class.path" value="C:\Users\blackbox\eclipse-workspace\WinAppDriverFramework\target\test-classes;C:\Users\blackbox\eclipse-workspace\WinAppDriverFramework\target\classes;C:\Users\blackbox\.m2\repository\org\apache\poi\poi-ooxml\3.9\poi-ooxml-3.9.jar;C:\Users\blackbox\.m2\repository\org\apache\poi\poi\3.9\poi-3.9.jar;C:\Users\blackbox\.m2\repository\commons-codec\commons-codec\1.5\commons-codec-1.5.jar;C:\Users\blackbox\.m2\repository\org\apache\poi\poi-ooxml-schemas\3.9\poi-ooxml-schemas-3.9.jar;C:\Users\blackbox\.m2\repository\org\apache\xmlbeans\xmlbeans\2.3.0\xmlbeans-2.3.0.jar;C:\Users\blackbox\.m2\repository\stax\stax-api\1.0.1\stax-api-1.0.1.jar;C:\Users\blackbox\.m2\repository\dom4j\dom4j\1.6.1\dom4j-1.6.1.jar;C:\Users\blackbox\.m2\repository\junit\junit\4.11\junit-4.11.jar;C:\Users\blackbox\.m2\repository\org\hamcrest\hamcrest-core\1.3\hamcrest-core-1.3.jar;C:\Users\blackbox\.m2\repository\org\webjars\npm\selenium-webdriver\2.53.3\selenium-webdriver-2.53.3.jar;C:\Users\blackbox\.m2\repository\org\webjars\npm\adm-zip\0.4.4\adm-zip-0.4.4.jar;C:\Users\blackbox\.m2\repository\org\webjars\npm\ws\2.0.0-beta.2\ws-2.0.0-beta.2.jar;C:\Users\blackbox\.m2\repository\org\webjars\npm\ultron\1.1.1\ultron-1.1.1.jar;C:\Users\blackbox\.m2\repository\org\webjars\npm\tmp\0.0.24\tmp-0.0.24.jar;C:\Users\blackbox\.m2\repository\org\webjars\npm\xml2js\0.4.4\xml2js-0.4.4.jar;C:\Users\blackbox\.m2\repository\org\webjars\npm\sax\0.6.1\sax-0.6.1.jar;C:\Users\blackbox\.m2\repository\org\webjars\npm\xmlbuilder\13.0.2\xmlbuilder-13.0.2.jar;C:\Users\blackbox\.m2\repository\org\webjars\npm\rimraf\2.7.1\rimraf-2.7.1.jar;C:\Users\blackbox\.m2\repository\org\webjars\npm\glob\7.2.0\glob-7.2.0.jar;C:\Users\blackbox\.m2\repository\org\webjars\npm\fs.realpath\1.0.0\fs.realpath-1.0.0.jar;C:\Users\blackbox\.m2\repository\org\webjars\npm\inflight\1.0.6\inflight-1.0.6.jar;C:\Users\blackbox\.m2\repository\org\webjars\npm\wrappy\1.0.2\wrappy-1.0.2.jar;C:\Users\blackbox\.m2\repository\org\webjars\npm\once\1.4.0\once-1.4.0.jar;C:\Users\blackbox\.m2\repository\org\webjars\npm\minimatch\3.0.4\minimatch-3.0.4.jar;C:\Users\blackbox\.m2\repository\org\webjars\npm\brace-expansion\1.1.11\brace-expansion-1.1.11.jar;C:\Users\blackbox\.m2\repository\org\webjars\npm\balanced-match\1.0.2\balanced-match-1.0.2.jar;C:\Users\blackbox\.m2\repository\org\webjars\npm\concat-map\0.0.1\concat-map-0.0.1.jar;C:\Users\blackbox\.m2\repository\org\webjars\npm\path-is-absolute\1.0.1\path-is-absolute-1.0.1.jar;C:\Users\blackbox\.m2\repository\org\webjars\npm\inherits\2.0.4\inherits-2.0.4.jar;C:\Users\blackbox\.m2\repository\commons-io\commons-io\2.6\commons-io-2.6.jar;C:\Users\blackbox\.m2\repository\org\apache\commons\commons-lang3\3.0\commons-lang3-3.0.jar;C:\Users\blackbox\.m2\repository\io\appium\java-client\7.5.1\java-client-7.5.1.jar;C:\Users\blackbox\.m2\repository\org\seleniumhq\selenium\selenium-java\3.141.59\selenium-java-3.141.59.jar;C:\Users\blackbox\.m2\repository\org\seleniumhq\selenium\selenium-chrome-driver\3.141.59\selenium-chrome-driver-3.141.59.jar;C:\Users\blackbox\.m2\repository\org\seleniumhq\selenium\selenium-edge-driver\3.141.59\selenium-edge-driver-3.141.59.jar;C:\Users\blackbox\.m2\repository\org\seleniumhq\selenium\selenium-firefox-driver\3.141.59\selenium-firefox-driver-3.141.59.jar;C:\Users\blackbox\.m2\repository\org\seleniumhq\selenium\selenium-ie-driver\3.141.59\selenium-ie-driver-3.141.59.jar;C:\Users\blackbox\.m2\repository\org\seleniumhq\selenium\selenium-opera-driver\3.141.59\selenium-opera-driver-3.141.59.jar;C:\Users\blackbox\.m2\repository\org\seleniumhq\selenium\selenium-remote-driver\3.141.59\selenium-remote-driver-3.141.59.jar;C:\Users\blackbox\.m2\repository\org\seleniumhq\selenium\selenium-safari-driver\3.141.59\selenium-safari-driver-3.141.59.jar;C:\Users\blackbox\.m2\repository\net\bytebuddy\byte-buddy\1.8.15\byte-buddy-1.8.15.jar;C:\Users\blackbox\.m2\repository\org\apache\commons\commons-exec\1.3\commons-exec-1.3.jar;C:\Users\blackbox\.m2\repository\com\squareup\okhttp3\okhttp\3.11.0\okhttp-3.11.0.jar;C:\Users\blackbox\.m2\repository\com\squareup\okio\okio\1.14.0\okio-1.14.0.jar;C:\Users\blackbox\.m2\repository\org\seleniumhq\selenium\selenium-support\3.141.59\selenium-support-3.141.59.jar;C:\Users\blackbox\.m2\repository\org\seleniumhq\selenium\selenium-api\3.141.59\selenium-api-3.141.59.jar;C:\Users\blackbox\.m2\repository\com\google\code\gson\gson\2.8.6\gson-2.8.6.jar;C:\Users\blackbox\.m2\repository\org\apache\httpcomponents\httpclient\4.5.13\httpclient-4.5.13.jar;C:\Users\blackbox\.m2\repository\org\apache\httpcomponents\httpcore\4.4.13\httpcore-4.4.13.jar;C:\Users\blackbox\.m2\repository\cglib\cglib\3.3.0\cglib-3.3.0.jar;C:\Users\blackbox\.m2\repository\org\ow2\asm\asm\7.1\asm-7.1.jar;C:\Users\blackbox\.m2\repository\commons-validator\commons-validator\1.7\commons-validator-1.7.jar;C:\Users\blackbox\.m2\repository\commons-beanutils\commons-beanutils\1.9.4\commons-beanutils-1.9.4.jar;C:\Users\blackbox\.m2\repository\commons-digester\commons-digester\2.1\commons-digester-2.1.jar;C:\Users\blackbox\.m2\repository\commons-collections\commons-collections\3.2.2\commons-collections-3.2.2.jar;C:\Users\blackbox\.m2\repository\org\springframework\spring-context\5.3.4\spring-context-5.3.4.jar;C:\Users\blackbox\.m2\repository\org\springframework\spring-aop\5.3.4\spring-aop-5.3.4.jar;C:\Users\blackbox\.m2\repository\org\springframework\spring-beans\5.3.4\spring-beans-5.3.4.jar;C:\Users\blackbox\.m2\repository\org\springframework\spring-core\5.3.4\spring-core-5.3.4.jar;C:\Users\blackbox\.m2\repository\org\springframework\spring-jcl\5.3.4\spring-jcl-5.3.4.jar;C:\Users\blackbox\.m2\repository\org\springframework\spring-expression\5.3.4\spring-expression-5.3.4.jar;C:\Users\blackbox\.m2\repository\org\aspectj\aspectjweaver\1.9.6\aspectjweaver-1.9.6.jar;C:\Users\blackbox\.m2\repository\org\slf4j\slf4j-api\1.7.30\slf4j-api-1.7.30.jar;C:\Users\blackbox\.m2\repository\org\apache\commons\commons-vfs2\2.4\commons-vfs2-2.4.jar;C:\Users\blackbox\.m2\repository\commons-logging\commons-logging\1.2\commons-logging-1.2.jar;C:\Users\blackbox\.m2\repository\io\github\bonigarcia\webdrivermanager\5.0.3\webdrivermanager-5.0.3.jar;C:\Users\blackbox\.m2\repository\org\jsoup\jsoup\1.14.2\jsoup-1.14.2.jar;C:\Users\blackbox\.m2\repository\com\github\docker-java\docker-java\3.2.12\docker-java-3.2.12.jar;C:\Users\blackbox\.m2\repository\com\github\docker-java\docker-java-core\3.2.12\docker-java-core-3.2.12.jar;C:\Users\blackbox\.m2\repository\com\github\docker-java\docker-java-api\3.2.12\docker-java-api-3.2.12.jar;C:\Users\blackbox\.m2\repository\com\fasterxml\jackson\core\jackson-annotations\2.10.3\jackson-annotations-2.10.3.jar;C:\Users\blackbox\.m2\repository\commons-lang\commons-lang\2.6\commons-lang-2.6.jar;C:\Users\blackbox\.m2\repository\com\fasterxml\jackson\core\jackson-databind\2.10.3\jackson-databind-2.10.3.jar;C:\Users\blackbox\.m2\repository\org\bouncycastle\bcpkix-jdk15on\1.64\bcpkix-jdk15on-1.64.jar;C:\Users\blackbox\.m2\repository\org\bouncycastle\bcprov-jdk15on\1.64\bcprov-jdk15on-1.64.jar;C:\Users\blackbox\.m2\repository\org\slf4j\jcl-over-slf4j\1.7.30\jcl-over-slf4j-1.7.30.jar;C:\Users\blackbox\.m2\repository\com\github\docker-java\docker-java-transport-httpclient5\3.2.12\docker-java-transport-httpclient5-3.2.12.jar;C:\Users\blackbox\.m2\repository\com\github\docker-java\docker-java-transport\3.2.12\docker-java-transport-3.2.12.jar;C:\Users\blackbox\.m2\repository\org\apache\httpcomponents\client5\httpclient5\5.0.3\httpclient5-5.0.3.jar;C:\Users\blackbox\.m2\repository\org\apache\httpcomponents\core5\httpcore5\5.0.2\httpcore5-5.0.2.jar;C:\Users\blackbox\.m2\repository\net\java\dev\jna\jna\5.8.0\jna-5.8.0.jar;C:\Users\blackbox\.m2\repository\com\google\guava\guava\30.1.1-jre\guava-30.1.1-jre.jar;C:\Users\blackbox\.m2\repository\com\google\guava\failureaccess\1.0.1\failureaccess-1.0.1.jar;C:\Users\blackbox\.m2\repository\com\google\guava\listenablefuture\9999.0-empty-to-avoid-conflict-with-guava\listenablefuture-9999.0-empty-to-avoid-conflict-with-guava.jar;C:\Users\blackbox\.m2\repository\com\google\code\findbugs\jsr305\3.0.2\jsr305-3.0.2.jar;C:\Users\blackbox\.m2\repository\org\checkerframework\checker-qual\3.8.0\checker-qual-3.8.0.jar;C:\Users\blackbox\.m2\repository\com\google\errorprone\error_prone_annotations\2.5.1\error_prone_annotations-2.5.1.jar;C:\Users\blackbox\.m2\repository\com\google\j2objc\j2objc-annotations\1.3\j2objc-annotations-1.3.jar;C:\Users\blackbox\.m2\repository\org\brotli\dec\0.1.2\dec-0.1.2.jar;C:\Users\blackbox\.m2\repository\javax\javaee-api\8.0\javaee-api-8.0.jar;C:\Users\blackbox\.m2\repository\com\sun\mail\javax.mail\1.6.0\javax.mail-1.6.0.jar;C:\Users\blackbox\.m2\repository\javax\activation\activation\1.1\activation-1.1.jar;C:\Users\blackbox\.m2\repository\org\testng\testng\7.4.0\testng-7.4.0.jar;C:\Users\blackbox\.m2\repository\com\beust\jcommander\1.78\jcommander-1.78.jar;C:\Users\blackbox\.m2\repository\org\webjars\jquery\3.5.1\jquery-3.5.1.jar;C:\Users\blackbox\.m2\repository\com\jcraft\jsch\0.1.55\jsch-0.1.55.jar;C:\Users\blackbox\.m2\repository\org\apache\logging\log4j\log4j-api\2.14.1\log4j-api-2.14.1.jar;C:\Users\blackbox\.m2\repository\org\apache\logging\log4j\log4j-core\2.14.1\log4j-core-2.14.1.jar;C:\Users\blackbox\.m2\repository\org\apache\maven\plugins\maven-dependency-plugin\3.2.0\maven-dependency-plugin-3.2.0.jar;C:\Users\blackbox\.m2\repository\org\apache\maven\maven-artifact\3.1.1\maven-artifact-3.1.1.jar;C:\Users\blackbox\.m2\repository\org\apache\maven\maven-plugin-api\3.1.1\maven-plugin-api-3.1.1.jar;C:\Users\blackbox\.m2\repository\org\eclipse\sisu\org.eclipse.sisu.plexus\0.0.0.M5\org.eclipse.sisu.plexus-0.0.0.M5.jar;C:\Users\blackbox\.m2\repository\javax\enterprise\cdi-api\1.0\cdi-api-1.0.jar;C:\Users\blackbox\.m2\repository\javax\annotation\jsr250-api\1.0\jsr250-api-1.0.jar;C:\Users\blackbox\.m2\repository\javax\inject\javax.inject\1\javax.inject-1.jar;C:\Users\blackbox\.m2\repository\org\sonatype\sisu\sisu-guice\3.1.0\sisu-guice-3.1.0-no_aop.jar;C:\Users\blackbox\.m2\repository\aopalliance\aopalliance\1.0\aopalliance-1.0.jar;C:\Users\blackbox\.m2\repository\org\eclipse\sisu\org.eclipse.sisu.inject\0.0.0.M5\org.eclipse.sisu.inject-0.0.0.M5.jar;C:\Users\blackbox\.m2\repository\org\apache\maven\maven-model\3.1.1\maven-model-3.1.1.jar;C:\Users\blackbox\.m2\repository\org\apache\maven\maven-core\3.1.1\maven-core-3.1.1.jar;C:\Users\blackbox\.m2\repository\org\apache\maven\maven-settings-builder\3.1.1\maven-settings-builder-3.1.1.jar;C:\Users\blackbox\.m2\repository\org\apache\maven\maven-model-builder\3.1.1\maven-model-builder-3.1.1.jar;C:\Users\blackbox\.m2\repository\org\eclipse\aether\aether-impl\0.9.0.M2\aether-impl-0.9.0.M2.jar;C:\Users\blackbox\.m2\repository\org\codehaus\plexus\plexus-interpolation\1.19\plexus-interpolation-1.19.jar;C:\Users\blackbox\.m2\repository\org\codehaus\plexus\plexus-classworlds\2.5.1\plexus-classworlds-2.5.1.jar;C:\Users\blackbox\.m2\repository\org\codehaus\plexus\plexus-component-annotations\1.5.5\plexus-component-annotations-1.5.5.jar;C:\Users\blackbox\.m2\repository\org\sonatype\plexus\plexus-sec-dispatcher\1.3\plexus-sec-dispatcher-1.3.jar;C:\Users\blackbox\.m2\repository\org\sonatype\plexus\plexus-cipher\1.4\plexus-cipher-1.4.jar;C:\Users\blackbox\.m2\repository\org\apache\maven\maven-repository-metadata\3.1.1\maven-repository-metadata-3.1.1.jar;C:\Users\blackbox\.m2\repository\org\apache\maven\maven-settings\3.1.1\maven-settings-3.1.1.jar;C:\Users\blackbox\.m2\repository\org\apache\maven\maven-aether-provider\3.1.1\maven-aether-provider-3.1.1.jar;C:\Users\blackbox\.m2\repository\org\eclipse\aether\aether-spi\0.9.0.M2\aether-spi-0.9.0.M2.jar;C:\Users\blackbox\.m2\repository\org\apache\maven\reporting\maven-reporting-api\3.0\maven-reporting-api-3.0.jar;C:\Users\blackbox\.m2\repository\org\apache\maven\reporting\maven-reporting-impl\3.0.0\maven-reporting-impl-3.0.0.jar;C:\Users\blackbox\.m2\repository\org\apache\maven\doxia\doxia-decoration-model\1.7.4\doxia-decoration-model-1.7.4.jar;C:\Users\blackbox\.m2\repository\org\apache\maven\doxia\doxia-sink-api\1.9.1\doxia-sink-api-1.9.1.jar;C:\Users\blackbox\.m2\repository\org\apache\maven\doxia\doxia-logging-api\1.9.1\doxia-logging-api-1.9.1.jar;C:\Users\blackbox\.m2\repository\org\apache\maven\doxia\doxia-core\1.9.1\doxia-core-1.9.1.jar;C:\Users\blackbox\.m2\repository\org\codehaus\plexus\plexus-container-default\1.7.1\plexus-container-default-1.7.1.jar;C:\Users\blackbox\.m2\repository\org\apache\xbean\xbean-reflect\3.7\xbean-reflect-3.7.jar;C:\Users\blackbox\.m2\repository\com\google\collections\google-collections\1.0\google-collections-1.0.jar;C:\Users\blackbox\.m2\repository\org\apache\maven\doxia\doxia-site-renderer\1.9.2\doxia-site-renderer-1.9.2.jar;C:\Users\blackbox\.m2\repository\org\apache\maven\doxia\doxia-skin-model\1.9.2\doxia-skin-model-1.9.2.jar;C:\Users\blackbox\.m2\repository\org\apache\maven\doxia\doxia-module-xhtml\1.9.1\doxia-module-xhtml-1.9.1.jar;C:\Users\blackbox\.m2\repository\org\apache\maven\doxia\doxia-module-xhtml5\1.9.1\doxia-module-xhtml5-1.9.1.jar;C:\Users\blackbox\.m2\repository\org\codehaus\plexus\plexus-i18n\1.0-beta-10\plexus-i18n-1.0-beta-10.jar;C:\Users\blackbox\.m2\repository\org\codehaus\plexus\plexus-velocity\1.2\plexus-velocity-1.2.jar;C:\Users\blackbox\.m2\repository\org\apache\velocity\velocity\1.7\velocity-1.7.jar;C:\Users\blackbox\.m2\repository\org\apache\velocity\velocity-tools\2.0\velocity-tools-2.0.jar;C:\Users\blackbox\.m2\repository\commons-chain\commons-chain\1.1\commons-chain-1.1.jar;C:\Users\blackbox\.m2\repository\oro\oro\2.0.8\oro-2.0.8.jar;C:\Users\blackbox\.m2\repository\org\codehaus\plexus\plexus-archiver\4.2.2\plexus-archiver-4.2.2.jar;C:\Users\blackbox\.m2\repository\org\apache\commons\commons-compress\1.20\commons-compress-1.20.jar;C:\Users\blackbox\.m2\repository\org\iq80\snappy\snappy\0.4\snappy-0.4.jar;C:\Users\blackbox\.m2\repository\org\tukaani\xz\1.8\xz-1.8.jar;C:\Users\blackbox\.m2\repository\org\codehaus\plexus\plexus-utils\3.3.0\plexus-utils-3.3.0.jar;C:\Users\blackbox\.m2\repository\org\codehaus\plexus\plexus-io\3.2.0\plexus-io-3.2.0.jar;C:\Users\blackbox\.m2\repository\org\apache\maven\shared\maven-dependency-analyzer\1.11.3\maven-dependency-analyzer-1.11.3.jar;C:\Users\blackbox\.m2\repository\org\apache\maven\shared\maven-dependency-tree\3.0.1\maven-dependency-tree-3.0.1.jar;C:\Users\blackbox\.m2\repository\org\apache\maven\shared\maven-common-artifact-filters\3.2.0\maven-common-artifact-filters-3.2.0.jar;C:\Users\blackbox\.m2\repository\org\apache\maven\shared\maven-artifact-transfer\0.13.1\maven-artifact-transfer-0.13.1.jar;C:\Users\blackbox\.m2\repository\org\apache\maven\shared\maven-shared-utils\3.3.4\maven-shared-utils-3.3.4.jar;C:\Users\blackbox\.m2\repository\org\apache\commons\commons-collections4\4.2\commons-collections4-4.2.jar;C:\Users\blackbox\.m2\repository\classworlds\classworlds\1.1\classworlds-1.1.jar;C:\Users\blackbox\.m2\repository\org\eclipse\aether\aether-api\0.9.0.M2\aether-api-0.9.0.M2.jar;C:\Users\blackbox\.m2\repository\org\eclipse\aether\aether-util\0.9.0.M2\aether-util-0.9.0.M2.jar;C:\Users\blackbox\.m2\repository\xml-apis\xml-apis\1.4.01\xml-apis-1.4.01.jar;C:\Users\blackbox\.m2\repository\com\asprise\imaging\java-scanner-access-twain\12.0\java-scanner-access-twain-12.0.jar;C:\Users\blackbox\.m2\repository\com\fasterxml\jackson\jr\jackson-jr-objects\2.5.3\jackson-jr-objects-2.5.3.jar;C:\Users\blackbox\.m2\repository\com\fasterxml\jackson\core\jackson-core\2.5.3\jackson-core-2.5.3.jar;C:\Users\blackbox\.m2\repository\io\rest-assured\rest-assured\4.4.0\rest-assured-4.4.0.jar;C:\Users\blackbox\.m2\repository\org\codehaus\groovy\groovy\3.0.8\groovy-3.0.8.jar;C:\Users\blackbox\.m2\repository\org\codehaus\groovy\groovy-xml\3.0.8\groovy-xml-3.0.8.jar;C:\Users\blackbox\.m2\repository\org\apache\httpcomponents\httpmime\4.5.13\httpmime-4.5.13.jar;C:\Users\blackbox\.m2\repository\org\hamcrest\hamcrest\2.1\hamcrest-2.1.jar;C:\Users\blackbox\.m2\repository\org\ccil\cowan\tagsoup\tagsoup\1.2.1\tagsoup-1.2.1.jar;C:\Users\blackbox\.m2\repository\io\rest-assured\json-path\4.4.0\json-path-4.4.0.jar;C:\Users\blackbox\.m2\repository\org\codehaus\groovy\groovy-json\3.0.8\groovy-json-3.0.8.jar;C:\Users\blackbox\.m2\repository\io\rest-assured\rest-assured-common\4.4.0\rest-assured-common-4.4.0.jar;C:\Users\blackbox\.m2\repository\io\rest-assured\xml-path\4.4.0\xml-path-4.4.0.jar;C:\Users\blackbox\.m2\repository\jakarta\xml\bind\jakarta.xml.bind-api\2.3.3\jakarta.xml.bind-api-2.3.3.jar;C:\Users\blackbox\.m2\repository\jakarta\activation\jakarta.activation-api\1.2.2\jakarta.activation-api-1.2.2.jar;C:\Users\blackbox\.m2\repository\com\sun\xml\bind\jaxb-impl\2.3.3\jaxb-impl-2.3.3.jar;C:\Users\blackbox\.m2\repository\com\googlecode\json-simple\json-simple\1.1.1\json-simple-1.1.1.jar;"/>
    <property name="java.vm.vendor" value="Oracle Corporation"/>
    <property name="sun.arch.data.model" value="64"/>
    <property name="user.variant" value=""/>
    <property name="java.vendor.url" value="https://java.oracle.com/"/>
    <property name="user.timezone" value="Europe/Dublin"/>
    <property name="os.name" value="Windows 10"/>
    <property name="java.vm.specification.version" value="17"/>
    <property name="sun.java.launcher" value="SUN_STANDARD"/>
    <property name="user.country" value="IE"/>
    <property name="sun.boot.library.path" value="C:\Program Files\Java\jdk-17.0.1\bin"/>
    <property name="sun.java.command" value="C:\Users\blackbox\AppData\Local\Temp\surefire13087231033014879512\surefirebooter16698947095269033579.jar C:\Users\blackbox\AppData\Local\Temp\surefire13087231033014879512 2021-12-01T15-20-18_218-jvmRun1 surefire14928793473102043353tmp surefire_0818788050596301809tmp"/>
    <property name="jdk.debug" value="release"/>
    <property name="surefire.test.class.path" value="C:\Users\blackbox\eclipse-workspace\WinAppDriverFramework\target\test-classes;C:\Users\blackbox\eclipse-workspace\WinAppDriverFramework\target\classes;C:\Users\blackbox\.m2\repository\org\apache\poi\poi-ooxml\3.9\poi-ooxml-3.9.jar;C:\Users\blackbox\.m2\repository\org\apache\poi\poi\3.9\poi-3.9.jar;C:\Users\blackbox\.m2\repository\commons-codec\commons-codec\1.5\commons-codec-1.5.jar;C:\Users\blackbox\.m2\repository\org\apache\poi\poi-ooxml-schemas\3.9\poi-ooxml-schemas-3.9.jar;C:\Users\blackbox\.m2\repository\org\apache\xmlbeans\xmlbeans\2.3.0\xmlbeans-2.3.0.jar;C:\Users\blackbox\.m2\repository\stax\stax-api\1.0.1\stax-api-1.0.1.jar;C:\Users\blackbox\.m2\repository\dom4j\dom4j\1.6.1\dom4j-1.6.1.jar;C:\Users\blackbox\.m2\repository\junit\junit\4.11\junit-4.11.jar;C:\Users\blackbox\.m2\repository\org\hamcrest\hamcrest-core\1.3\hamcrest-core-1.3.jar;C:\Users\blackbox\.m2\repository\org\webjars\npm\selenium-webdriver\2.53.3\selenium-webdriver-2.53.3.jar;C:\Users\blackbox\.m2\repository\org\webjars\npm\adm-zip\0.4.4\adm-zip-0.4.4.jar;C:\Users\blackbox\.m2\repository\org\webjars\npm\ws\2.0.0-beta.2\ws-2.0.0-beta.2.jar;C:\Users\blackbox\.m2\repository\org\webjars\npm\ultron\1.1.1\ultron-1.1.1.jar;C:\Users\blackbox\.m2\repository\org\webjars\npm\tmp\0.0.24\tmp-0.0.24.jar;C:\Users\blackbox\.m2\repository\org\webjars\npm\xml2js\0.4.4\xml2js-0.4.4.jar;C:\Users\blackbox\.m2\repository\org\webjars\npm\sax\0.6.1\sax-0.6.1.jar;C:\Users\blackbox\.m2\repository\org\webjars\npm\xmlbuilder\13.0.2\xmlbuilder-13.0.2.jar;C:\Users\blackbox\.m2\repository\org\webjars\npm\rimraf\2.7.1\rimraf-2.7.1.jar;C:\Users\blackbox\.m2\repository\org\webjars\npm\glob\7.2.0\glob-7.2.0.jar;C:\Users\blackbox\.m2\repository\org\webjars\npm\fs.realpath\1.0.0\fs.realpath-1.0.0.jar;C:\Users\blackbox\.m2\repository\org\webjars\npm\inflight\1.0.6\inflight-1.0.6.jar;C:\Users\blackbox\.m2\repository\org\webjars\npm\wrappy\1.0.2\wrappy-1.0.2.jar;C:\Users\blackbox\.m2\repository\org\webjars\npm\once\1.4.0\once-1.4.0.jar;C:\Users\blackbox\.m2\repository\org\webjars\npm\minimatch\3.0.4\minimatch-3.0.4.jar;C:\Users\blackbox\.m2\repository\org\webjars\npm\brace-expansion\1.1.11\brace-expansion-1.1.11.jar;C:\Users\blackbox\.m2\repository\org\webjars\npm\balanced-match\1.0.2\balanced-match-1.0.2.jar;C:\Users\blackbox\.m2\repository\org\webjars\npm\concat-map\0.0.1\concat-map-0.0.1.jar;C:\Users\blackbox\.m2\repository\org\webjars\npm\path-is-absolute\1.0.1\path-is-absolute-1.0.1.jar;C:\Users\blackbox\.m2\repository\org\webjars\npm\inherits\2.0.4\inherits-2.0.4.jar;C:\Users\blackbox\.m2\repository\commons-io\commons-io\2.6\commons-io-2.6.jar;C:\Users\blackbox\.m2\repository\org\apache\commons\commons-lang3\3.0\commons-lang3-3.0.jar;C:\Users\blackbox\.m2\repository\io\appium\java-client\7.5.1\java-client-7.5.1.jar;C:\Users\blackbox\.m2\repository\org\seleniumhq\selenium\selenium-java\3.141.59\selenium-java-3.141.59.jar;C:\Users\blackbox\.m2\repository\org\seleniumhq\selenium\selenium-chrome-driver\3.141.59\selenium-chrome-driver-3.141.59.jar;C:\Users\blackbox\.m2\repository\org\seleniumhq\selenium\selenium-edge-driver\3.141.59\selenium-edge-driver-3.141.59.jar;C:\Users\blackbox\.m2\repository\org\seleniumhq\selenium\selenium-firefox-driver\3.141.59\selenium-firefox-driver-3.141.59.jar;C:\Users\blackbox\.m2\repository\org\seleniumhq\selenium\selenium-ie-driver\3.141.59\selenium-ie-driver-3.141.59.jar;C:\Users\blackbox\.m2\repository\org\seleniumhq\selenium\selenium-opera-driver\3.141.59\selenium-opera-driver-3.141.59.jar;C:\Users\blackbox\.m2\repository\org\seleniumhq\selenium\selenium-remote-driver\3.141.59\selenium-remote-driver-3.141.59.jar;C:\Users\blackbox\.m2\repository\org\seleniumhq\selenium\selenium-safari-driver\3.141.59\selenium-safari-driver-3.141.59.jar;C:\Users\blackbox\.m2\repository\net\bytebuddy\byte-buddy\1.8.15\byte-buddy-1.8.15.jar;C:\Users\blackbox\.m2\repository\org\apache\commons\commons-exec\1.3\commons-exec-1.3.jar;C:\Users\blackbox\.m2\repository\com\squareup\okhttp3\okhttp\3.11.0\okhttp-3.11.0.jar;C:\Users\blackbox\.m2\repository\com\squareup\okio\okio\1.14.0\okio-1.14.0.jar;C:\Users\blackbox\.m2\repository\org\seleniumhq\selenium\selenium-support\3.141.59\selenium-support-3.141.59.jar;C:\Users\blackbox\.m2\repository\org\seleniumhq\selenium\selenium-api\3.141.59\selenium-api-3.141.59.jar;C:\Users\blackbox\.m2\repository\com\google\code\gson\gson\2.8.6\gson-2.8.6.jar;C:\Users\blackbox\.m2\repository\org\apache\httpcomponents\httpclient\4.5.13\httpclient-4.5.13.jar;C:\Users\blackbox\.m2\repository\org\apache\httpcomponents\httpcore\4.4.13\httpcore-4.4.13.jar;C:\Users\blackbox\.m2\repository\cglib\cglib\3.3.0\cglib-3.3.0.jar;C:\Users\blackbox\.m2\repository\org\ow2\asm\asm\7.1\asm-7.1.jar;C:\Users\blackbox\.m2\repository\commons-validator\commons-validator\1.7\commons-validator-1.7.jar;C:\Users\blackbox\.m2\repository\commons-beanutils\commons-beanutils\1.9.4\commons-beanutils-1.9.4.jar;C:\Users\blackbox\.m2\repository\commons-digester\commons-digester\2.1\commons-digester-2.1.jar;C:\Users\blackbox\.m2\repository\commons-collections\commons-collections\3.2.2\commons-collections-3.2.2.jar;C:\Users\blackbox\.m2\repository\org\springframework\spring-context\5.3.4\spring-context-5.3.4.jar;C:\Users\blackbox\.m2\repository\org\springframework\spring-aop\5.3.4\spring-aop-5.3.4.jar;C:\Users\blackbox\.m2\repository\org\springframework\spring-beans\5.3.4\spring-beans-5.3.4.jar;C:\Users\blackbox\.m2\repository\org\springframework\spring-core\5.3.4\spring-core-5.3.4.jar;C:\Users\blackbox\.m2\repository\org\springframework\spring-jcl\5.3.4\spring-jcl-5.3.4.jar;C:\Users\blackbox\.m2\repository\org\springframework\spring-expression\5.3.4\spring-expression-5.3.4.jar;C:\Users\blackbox\.m2\repository\org\aspectj\aspectjweaver\1.9.6\aspectjweaver-1.9.6.jar;C:\Users\blackbox\.m2\repository\org\slf4j\slf4j-api\1.7.30\slf4j-api-1.7.30.jar;C:\Users\blackbox\.m2\repository\org\apache\commons\commons-vfs2\2.4\commons-vfs2-2.4.jar;C:\Users\blackbox\.m2\repository\commons-logging\commons-logging\1.2\commons-logging-1.2.jar;C:\Users\blackbox\.m2\repository\io\github\bonigarcia\webdrivermanager\5.0.3\webdrivermanager-5.0.3.jar;C:\Users\blackbox\.m2\repository\org\jsoup\jsoup\1.14.2\jsoup-1.14.2.jar;C:\Users\blackbox\.m2\repository\com\github\docker-java\docker-java\3.2.12\docker-java-3.2.12.jar;C:\Users\blackbox\.m2\repository\com\github\docker-java\docker-java-core\3.2.12\docker-java-core-3.2.12.jar;C:\Users\blackbox\.m2\repository\com\github\docker-java\docker-java-api\3.2.12\docker-java-api-3.2.12.jar;C:\Users\blackbox\.m2\repository\com\fasterxml\jackson\core\jackson-annotations\2.10.3\jackson-annotations-2.10.3.jar;C:\Users\blackbox\.m2\repository\commons-lang\commons-lang\2.6\commons-lang-2.6.jar;C:\Users\blackbox\.m2\repository\com\fasterxml\jackson\core\jackson-databind\2.10.3\jackson-databind-2.10.3.jar;C:\Users\blackbox\.m2\repository\org\bouncycastle\bcpkix-jdk15on\1.64\bcpkix-jdk15on-1.64.jar;C:\Users\blackbox\.m2\repository\org\bouncycastle\bcprov-jdk15on\1.64\bcprov-jdk15on-1.64.jar;C:\Users\blackbox\.m2\repository\org\slf4j\jcl-over-slf4j\1.7.30\jcl-over-slf4j-1.7.30.jar;C:\Users\blackbox\.m2\repository\com\github\docker-java\docker-java-transport-httpclient5\3.2.12\docker-java-transport-httpclient5-3.2.12.jar;C:\Users\blackbox\.m2\repository\com\github\docker-java\docker-java-transport\3.2.12\docker-java-transport-3.2.12.jar;C:\Users\blackbox\.m2\repository\org\apache\httpcomponents\client5\httpclient5\5.0.3\httpclient5-5.0.3.jar;C:\Users\blackbox\.m2\repository\org\apache\httpcomponents\core5\httpcore5\5.0.2\httpcore5-5.0.2.jar;C:\Users\blackbox\.m2\repository\net\java\dev\jna\jna\5.8.0\jna-5.8.0.jar;C:\Users\blackbox\.m2\repository\com\google\guava\guava\30.1.1-jre\guava-30.1.1-jre.jar;C:\Users\blackbox\.m2\repository\com\google\guava\failureaccess\1.0.1\failureaccess-1.0.1.jar;C:\Users\blackbox\.m2\repository\com\google\guava\listenablefuture\9999.0-empty-to-avoid-conflict-with-guava\listenablefuture-9999.0-empty-to-avoid-conflict-with-guava.jar;C:\Users\blackbox\.m2\repository\com\google\code\findbugs\jsr305\3.0.2\jsr305-3.0.2.jar;C:\Users\blackbox\.m2\repository\org\checkerframework\checker-qual\3.8.0\checker-qual-3.8.0.jar;C:\Users\blackbox\.m2\repository\com\google\errorprone\error_prone_annotations\2.5.1\error_prone_annotations-2.5.1.jar;C:\Users\blackbox\.m2\repository\com\google\j2objc\j2objc-annotations\1.3\j2objc-annotations-1.3.jar;C:\Users\blackbox\.m2\repository\org\brotli\dec\0.1.2\dec-0.1.2.jar;C:\Users\blackbox\.m2\repository\javax\javaee-api\8.0\javaee-api-8.0.jar;C:\Users\blackbox\.m2\repository\com\sun\mail\javax.mail\1.6.0\javax.mail-1.6.0.jar;C:\Users\blackbox\.m2\repository\javax\activation\activation\1.1\activation-1.1.jar;C:\Users\blackbox\.m2\repository\org\testng\testng\7.4.0\testng-7.4.0.jar;C:\Users\blackbox\.m2\repository\com\beust\jcommander\1.78\jcommander-1.78.jar;C:\Users\blackbox\.m2\repository\org\webjars\jquery\3.5.1\jquery-3.5.1.jar;C:\Users\blackbox\.m2\repository\com\jcraft\jsch\0.1.55\jsch-0.1.55.jar;C:\Users\blackbox\.m2\repository\org\apache\logging\log4j\log4j-api\2.14.1\log4j-api-2.14.1.jar;C:\Users\blackbox\.m2\repository\org\apache\logging\log4j\log4j-core\2.14.1\log4j-core-2.14.1.jar;C:\Users\blackbox\.m2\repository\org\apache\maven\plugins\maven-dependency-plugin\3.2.0\maven-dependency-plugin-3.2.0.jar;C:\Users\blackbox\.m2\repository\org\apache\maven\maven-artifact\3.1.1\maven-artifact-3.1.1.jar;C:\Users\blackbox\.m2\repository\org\apache\maven\maven-plugin-api\3.1.1\maven-plugin-api-3.1.1.jar;C:\Users\blackbox\.m2\repository\org\eclipse\sisu\org.eclipse.sisu.plexus\0.0.0.M5\org.eclipse.sisu.plexus-0.0.0.M5.jar;C:\Users\blackbox\.m2\repository\javax\enterprise\cdi-api\1.0\cdi-api-1.0.jar;C:\Users\blackbox\.m2\repository\javax\annotation\jsr250-api\1.0\jsr250-api-1.0.jar;C:\Users\blackbox\.m2\repository\javax\inject\javax.inject\1\javax.inject-1.jar;C:\Users\blackbox\.m2\repository\org\sonatype\sisu\sisu-guice\3.1.0\sisu-guice-3.1.0-no_aop.jar;C:\Users\blackbox\.m2\repository\aopalliance\aopalliance\1.0\aopalliance-1.0.jar;C:\Users\blackbox\.m2\repository\org\eclipse\sisu\org.eclipse.sisu.inject\0.0.0.M5\org.eclipse.sisu.inject-0.0.0.M5.jar;C:\Users\blackbox\.m2\repository\org\apache\maven\maven-model\3.1.1\maven-model-3.1.1.jar;C:\Users\blackbox\.m2\repository\org\apache\maven\maven-core\3.1.1\maven-core-3.1.1.jar;C:\Users\blackbox\.m2\repository\org\apache\maven\maven-settings-builder\3.1.1\maven-settings-builder-3.1.1.jar;C:\Users\blackbox\.m2\repository\org\apache\maven\maven-model-builder\3.1.1\maven-model-builder-3.1.1.jar;C:\Users\blackbox\.m2\repository\org\eclipse\aether\aether-impl\0.9.0.M2\aether-impl-0.9.0.M2.jar;C:\Users\blackbox\.m2\repository\org\codehaus\plexus\plexus-interpolation\1.19\plexus-interpolation-1.19.jar;C:\Users\blackbox\.m2\repository\org\codehaus\plexus\plexus-classworlds\2.5.1\plexus-classworlds-2.5.1.jar;C:\Users\blackbox\.m2\repository\org\codehaus\plexus\plexus-component-annotations\1.5.5\plexus-component-annotations-1.5.5.jar;C:\Users\blackbox\.m2\repository\org\sonatype\plexus\plexus-sec-dispatcher\1.3\plexus-sec-dispatcher-1.3.jar;C:\Users\blackbox\.m2\repository\org\sonatype\plexus\plexus-cipher\1.4\plexus-cipher-1.4.jar;C:\Users\blackbox\.m2\repository\org\apache\maven\maven-repository-metadata\3.1.1\maven-repository-metadata-3.1.1.jar;C:\Users\blackbox\.m2\repository\org\apache\maven\maven-settings\3.1.1\maven-settings-3.1.1.jar;C:\Users\blackbox\.m2\repository\org\apache\maven\maven-aether-provider\3.1.1\maven-aether-provider-3.1.1.jar;C:\Users\blackbox\.m2\repository\org\eclipse\aether\aether-spi\0.9.0.M2\aether-spi-0.9.0.M2.jar;C:\Users\blackbox\.m2\repository\org\apache\maven\reporting\maven-reporting-api\3.0\maven-reporting-api-3.0.jar;C:\Users\blackbox\.m2\repository\org\apache\maven\reporting\maven-reporting-impl\3.0.0\maven-reporting-impl-3.0.0.jar;C:\Users\blackbox\.m2\repository\org\apache\maven\doxia\doxia-decoration-model\1.7.4\doxia-decoration-model-1.7.4.jar;C:\Users\blackbox\.m2\repository\org\apache\maven\doxia\doxia-sink-api\1.9.1\doxia-sink-api-1.9.1.jar;C:\Users\blackbox\.m2\repository\org\apache\maven\doxia\doxia-logging-api\1.9.1\doxia-logging-api-1.9.1.jar;C:\Users\blackbox\.m2\repository\org\apache\maven\doxia\doxia-core\1.9.1\doxia-core-1.9.1.jar;C:\Users\blackbox\.m2\repository\org\codehaus\plexus\plexus-container-default\1.7.1\plexus-container-default-1.7.1.jar;C:\Users\blackbox\.m2\repository\org\apache\xbean\xbean-reflect\3.7\xbean-reflect-3.7.jar;C:\Users\blackbox\.m2\repository\com\google\collections\google-collections\1.0\google-collections-1.0.jar;C:\Users\blackbox\.m2\repository\org\apache\maven\doxia\doxia-site-renderer\1.9.2\doxia-site-renderer-1.9.2.jar;C:\Users\blackbox\.m2\repository\org\apache\maven\doxia\doxia-skin-model\1.9.2\doxia-skin-model-1.9.2.jar;C:\Users\blackbox\.m2\repository\org\apache\maven\doxia\doxia-module-xhtml\1.9.1\doxia-module-xhtml-1.9.1.jar;C:\Users\blackbox\.m2\repository\org\apache\maven\doxia\doxia-module-xhtml5\1.9.1\doxia-module-xhtml5-1.9.1.jar;C:\Users\blackbox\.m2\repository\org\codehaus\plexus\plexus-i18n\1.0-beta-10\plexus-i18n-1.0-beta-10.jar;C:\Users\blackbox\.m2\repository\org\codehaus\plexus\plexus-velocity\1.2\plexus-velocity-1.2.jar;C:\Users\blackbox\.m2\repository\org\apache\velocity\velocity\1.7\velocity-1.7.jar;C:\Users\blackbox\.m2\repository\org\apache\velocity\velocity-tools\2.0\velocity-tools-2.0.jar;C:\Users\blackbox\.m2\repository\commons-chain\commons-chain\1.1\commons-chain-1.1.jar;C:\Users\blackbox\.m2\repository\oro\oro\2.0.8\oro-2.0.8.jar;C:\Users\blackbox\.m2\repository\org\codehaus\plexus\plexus-archiver\4.2.2\plexus-archiver-4.2.2.jar;C:\Users\blackbox\.m2\repository\org\apache\commons\commons-compress\1.20\commons-compress-1.20.jar;C:\Users\blackbox\.m2\repository\org\iq80\snappy\snappy\0.4\snappy-0.4.jar;C:\Users\blackbox\.m2\repository\org\tukaani\xz\1.8\xz-1.8.jar;C:\Users\blackbox\.m2\repository\org\codehaus\plexus\plexus-utils\3.3.0\plexus-utils-3.3.0.jar;C:\Users\blackbox\.m2\repository\org\codehaus\plexus\plexus-io\3.2.0\plexus-io-3.2.0.jar;C:\Users\blackbox\.m2\repository\org\apache\maven\shared\maven-dependency-analyzer\1.11.3\maven-dependency-analyzer-1.11.3.jar;C:\Users\blackbox\.m2\repository\org\apache\maven\shared\maven-dependency-tree\3.0.1\maven-dependency-tree-3.0.1.jar;C:\Users\blackbox\.m2\repository\org\apache\maven\shared\maven-common-artifact-filters\3.2.0\maven-common-artifact-filters-3.2.0.jar;C:\Users\blackbox\.m2\repository\org\apache\maven\shared\maven-artifact-transfer\0.13.1\maven-artifact-transfer-0.13.1.jar;C:\Users\blackbox\.m2\repository\org\apache\maven\shared\maven-shared-utils\3.3.4\maven-shared-utils-3.3.4.jar;C:\Users\blackbox\.m2\repository\org\apache\commons\commons-collections4\4.2\commons-collections4-4.2.jar;C:\Users\blackbox\.m2\repository\classworlds\classworlds\1.1\classworlds-1.1.jar;C:\Users\blackbox\.m2\repository\org\eclipse\aether\aether-api\0.9.0.M2\aether-api-0.9.0.M2.jar;C:\Users\blackbox\.m2\repository\org\eclipse\aether\aether-util\0.9.0.M2\aether-util-0.9.0.M2.jar;C:\Users\blackbox\.m2\repository\xml-apis\xml-apis\1.4.01\xml-apis-1.4.01.jar;C:\Users\blackbox\.m2\repository\com\asprise\imaging\java-scanner-access-twain\12.0\java-scanner-access-twain-12.0.jar;C:\Users\blackbox\.m2\repository\com\fasterxml\jackson\jr\jackson-jr-objects\2.5.3\jackson-jr-objects-2.5.3.jar;C:\Users\blackbox\.m2\repository\com\fasterxml\jackson\core\jackson-core\2.5.3\jackson-core-2.5.3.jar;C:\Users\blackbox\.m2\repository\io\rest-assured\rest-assured\4.4.0\rest-assured-4.4.0.jar;C:\Users\blackbox\.m2\repository\org\codehaus\groovy\groovy\3.0.8\groovy-3.0.8.jar;C:\Users\blackbox\.m2\repository\org\codehaus\groovy\groovy-xml\3.0.8\groovy-xml-3.0.8.jar;C:\Users\blackbox\.m2\repository\org\apache\httpcomponents\httpmime\4.5.13\httpmime-4.5.13.jar;C:\Users\blackbox\.m2\repository\org\hamcrest\hamcrest\2.1\hamcrest-2.1.jar;C:\Users\blackbox\.m2\repository\org\ccil\cowan\tagsoup\tagsoup\1.2.1\tagsoup-1.2.1.jar;C:\Users\blackbox\.m2\repository\io\rest-assured\json-path\4.4.0\json-path-4.4.0.jar;C:\Users\blackbox\.m2\repository\org\codehaus\groovy\groovy-json\3.0.8\groovy-json-3.0.8.jar;C:\Users\blackbox\.m2\repository\io\rest-assured\rest-assured-common\4.4.0\rest-assured-common-4.4.0.jar;C:\Users\blackbox\.m2\repository\io\rest-assured\xml-path\4.4.0\xml-path-4.4.0.jar;C:\Users\blackbox\.m2\repository\jakarta\xml\bind\jakarta.xml.bind-api\2.3.3\jakarta.xml.bind-api-2.3.3.jar;C:\Users\blackbox\.m2\repository\jakarta\activation\jakarta.activation-api\1.2.2\jakarta.activation-api-1.2.2.jar;C:\Users\blackbox\.m2\repository\com\sun\xml\bind\jaxb-impl\2.3.3\jaxb-impl-2.3.3.jar;C:\Users\blackbox\.m2\repository\com\googlecode\json-simple\json-simple\1.1.1\json-simple-1.1.1.jar;"/>
    <property name="sun.cpu.endian" value="little"/>
    <property name="user.home" value="C:\Users\blackbox"/>
    <property name="user.language" value="en"/>
    <property name="java.specification.vendor" value="Oracle Corporation"/>
    <property name="java.version.date" value="2021-10-19"/>
    <property name="java.home" value="C:\Program Files\Java\jdk-17.0.1"/>
    <property name="file.separator" value="\"/>
    <property name="basedir" value="C:\Users\blackbox\eclipse-workspace\WinAppDriverFramework"/>
    <property name="java.vm.compressedOopsMode" value="Zero based"/>
    <property name="line.separator" value="&#10;"/>
    <property name="java.vm.specification.vendor" value="Oracle Corporation"/>
    <property name="java.specification.name" value="Java Platform API Specification"/>
    <property name="surefire.real.class.path" value="C:\Users\blackbox\AppData\Local\Temp\surefire13087231033014879512\surefirebooter16698947095269033579.jar"/>
    <property name="user.script" value=""/>
    <property name="sun.management.compiler" value="HotSpot 64-Bit Tiered Compilers"/>
    <property name="java.runtime.version" value="17.0.1+12-LTS-39"/>
    <property name="user.name" value="blackbox"/>
    <property name="path.separator" value=";"/>
    <property name="os.version" value="10.0"/>
    <property name="java.runtime.name" value="Java(TM) SE Runtime Environment"/>
    <property name="file.encoding" value="Cp1252"/>
    <property name="java.vm.name" value="Java HotSpot(TM) 64-Bit Server VM"/>
    <property name="localRepository" value="C:\Users\blackbox\.m2\repository"/>
    <property name="java.vendor.url.bug" value="https://bugreport.java.com/bugreport/"/>
    <property name="java.io.tmpdir" value="C:\Users\blackbox\AppData\Local\Temp\"/>
    <property name="java.version" value="17.0.1"/>
    <property name="user.dir" value="C:\Users\blackbox\eclipse-workspace\WinAppDriverFramework"/>
    <property name="os.arch" value="amd64"/>
    <property name="webdriver.gecko.driver" value="C:\Users\abose\eclipse-workspace\geckodriver.exe"/>
    <property name="java.vm.specification.name" value="Java Virtual Machine Specification"/>
    <property name="sun.os.patch.level" value=""/>
    <property name="native.encoding" value="Cp1252"/>
    <property name="java.library.path" value="C:\Program Files\Java\jdk-17.0.1\bin;C:\Windows\Sun\Java\bin;C:\Windows\system32;C:\Windows;C:\Program Files\Common Files\Oracle\Java\javapath;&quot;C:\Program Files\Java\jdk-17.0.1\bin;C:\Program Files\RemoteApp\apache-maven-3.8.4\bin;&quot;;C:\Windows\system32;C:\Windows;C:\Windows\System32\Wbem;C:\Windows\System32\WindowsPowerShell\v1.0\;C:\Windows\System32\OpenSSH\;C:\Program Files\dotnet\;C:\Users\blackbox\AppData\Local\Microsoft\WindowsApps;C:\Program Files\RemoteApp\apache-maven-3.8.4\bin;C:\Program Files\Java\jdk-17.0.1\bin;;."/>
    <property name="java.vm.info" value="mixed mode, sharing"/>
    <property name="java.vendor" value="Oracle Corporation"/>
    <property name="java.vm.version" value="17.0.1+12-LTS-39"/>
    <property name="sun.io.unicode.encoding" value="UnicodeLittle"/>
    <property name="java.class.version" value="61.0"/>
  </properties>
  <testcase name="login" classname="tests.Firstphase" time="2.291">
    <failure message="Cannot invoke &quot;org.openqa.selenium.WebDriver.quit()&quot; because &quot;this.firedrive&quot; is null" type="java.lang.NullPointerException"><![CDATA[java.lang.NullPointerException: Cannot invoke "org.openqa.selenium.WebDriver.quit()" because "this.firedrive" is null
]]></failure>
    <system-out><![CDATA[Loading properties
Properties file failed to load
Device properties loaded! 
Details IP is 10.211.130.114
Details MAC is 1C:37:BF:00:12:B9
Details gateway is 10.211.128.1
Details Netmask is 255.255.248.0
Details deviceName is Test_TX_Dual_PE
Details IP is 10.211.130.88
Details MAC is 1C:37:BF:00:13:1B
Details gateway is 10.211.128.1
Details Netmask is 255.255.248.0
Details deviceName is Test_TX_Emerald_PE
Details IP is 10.211.130.215
Details MAC is 1C:37:BF:00:13:4A
Details gateway is 10.211.128.1
Details Netmask is 255.255.248.0
Details deviceName is Test_TX_Dual_ZeroU
Details IP is 10.211.130.214
Details MAC is 1C:37:BF:00:13:4F
Details gateway is 10.211.128.1
Details Netmask is 255.255.248.0
Details deviceName is Test_TX_Emerald_ZeroU
loaded username is null
loaded password is null
Attempting to manage devices
BoxillaManager is null
]]></system-out>
    <system-err><![CDATA[java.lang.IllegalStateException: The driver executable does not exist: C:\Users\abose\eclipse-workspace\geckodriver.exe
	at com.google.common.base.Preconditions.checkState(Preconditions.java:591)
	at org.openqa.selenium.remote.service.DriverService.checkExecutable(DriverService.java:146)
	at org.openqa.selenium.remote.service.DriverService.findExecutable(DriverService.java:141)
	at org.openqa.selenium.firefox.GeckoDriverService.access$100(GeckoDriverService.java:44)
	at org.openqa.selenium.firefox.GeckoDriverService$Builder.findDefaultExecutable(GeckoDriverService.java:167)
	at org.openqa.selenium.remote.service.DriverService$Builder.build(DriverService.java:355)
	at org.openqa.selenium.firefox.FirefoxDriver.toExecutor(FirefoxDriver.java:190)
	at org.openqa.selenium.firefox.FirefoxDriver.<init>(FirefoxDriver.java:147)
	at tests.TestBase.cleanUpLogin(TestBase.java:153)
	at tests.TestBase.login(TestBase.java:109)
	at java.base/jdk.internal.reflect.NativeMethodAccessorImpl.invoke0(Native Method)
	at java.base/jdk.internal.reflect.NativeMethodAccessorImpl.invoke(NativeMethodAccessorImpl.java:77)
	at java.base/jdk.internal.reflect.DelegatingMethodAccessorImpl.invoke(DelegatingMethodAccessorImpl.java:43)
	at java.base/java.lang.reflect.Method.invoke(Method.java:568)
	at org.testng.internal.MethodInvocationHelper.invokeMethod(MethodInvocationHelper.java:133)
	at org.testng.internal.MethodInvocationHelper.invokeMethodConsideringTimeout(MethodInvocationHelper.java:62)
	at org.testng.internal.ConfigInvoker.invokeConfigurationMethod(ConfigInvoker.java:385)
	at org.testng.internal.ConfigInvoker.invokeConfigurations(ConfigInvoker.java:321)
	at org.testng.SuiteRunner.privateRun(SuiteRunner.java:317)
	at org.testng.SuiteRunner.run(SuiteRunner.java:276)
	at org.testng.SuiteRunnerWorker.runSuite(SuiteRunnerWorker.java:53)
	at org.testng.SuiteRunnerWorker.run(SuiteRunnerWorker.java:96)
	at org.testng.TestNG.runSuitesSequentially(TestNG.java:1212)
	at org.testng.TestNG.runSuitesLocally(TestNG.java:1134)
	at org.testng.TestNG.runSuites(TestNG.java:1063)
	at org.testng.TestNG.run(TestNG.java:1031)
	at org.apache.maven.surefire.testng.TestNGExecutor.run(TestNGExecutor.java:283)
	at org.apache.maven.surefire.testng.TestNGXmlTestSuite.execute(TestNGXmlTestSuite.java:75)
	at org.apache.maven.surefire.testng.TestNGProvider.invoke(TestNGProvider.java:120)
	at org.apache.maven.surefire.booter.ForkedBooter.runSuitesInProcess(ForkedBooter.java:377)
	at org.apache.maven.surefire.booter.ForkedBooter.execute(ForkedBooter.java:138)
	at org.apache.maven.surefire.booter.ForkedBooter.run(ForkedBooter.java:465)
	at org.apache.maven.surefire.booter.ForkedBooter.main(ForkedBooter.java:451)
]]></system-err>
  </testcase>
  <testcase name="Test16_DC0001" classname="tests.Firstphase" time="0">
    <skipped message="Cannot invoke &quot;org.openqa.selenium.WebDriver.quit()&quot; because &quot;this.firedrive&quot; is null"/>
  </testcase>
  <testcase name="logout" classname="tests.Firstphase" time="0.005">
    <failure message="Cannot invoke &quot;org.openqa.selenium.WebDriver.quit()&quot; because &quot;this.firedrive&quot; is null" type="java.lang.NullPointerException"><![CDATA[java.lang.NullPointerException: Cannot invoke "org.openqa.selenium.WebDriver.quit()" because "this.firedrive" is null
]]></failure>
    <system-out><![CDATA[In log out method
]]></system-out>
  </testcase>
  <testcase name="logout" classname="tests.Firstphase" time="0.002">
    <failure message="Cannot invoke &quot;org.openqa.selenium.WebDriver.quit()&quot; because &quot;this.firedrive&quot; is null" type="java.lang.NullPointerException"><![CDATA[java.lang.NullPointerException: Cannot invoke "org.openqa.selenium.WebDriver.quit()" because "this.firedrive" is null
]]></failure>
    <system-out><![CDATA[In log out method
]]></system-out>
  </testcase>
  <testcase name="Test27_DC0002" classname="tests.Firstphase" time="0">
    <skipped message="Cannot invoke &quot;org.openqa.selenium.WebDriver.quit()&quot; because &quot;this.firedrive&quot; is null"/>
  </testcase>
  <testcase name="closeoff" classname="tests.Firstphase" time="0">
    <skipped/>
  </testcase>
</testsuite>